0 info it worked if it ends with ok
1 verbose cli [ 'node', '/usr/local/bin/npm', 'install', '--save', 'loadash' ]
2 info using npm@2.9.0
3 info using node@v0.12.2
4 verbose node symlink /usr/local/bin/node
5 verbose install initial load of /Users/c1948957/Documents/play/meanapp/server/package.json
6 warn package.json meanapp@1.0.0 No description
7 warn package.json meanapp@1.0.0 No repository field.
8 warn package.json meanapp@1.0.0 No README data
9 verbose installManyTop reading scoped package data from /Users/c1948957/Documents/play/meanapp/server/node_modules/body-parser/package.json
10 verbose installManyTop reading scoped package data from /Users/c1948957/Documents/play/meanapp/server/node_modules/express/package.json
11 verbose installManyTop reading scoped package data from /Users/c1948957/Documents/play/meanapp/server/node_modules/lodash/package.json
12 verbose installManyTop reading scoped package data from /Users/c1948957/Documents/play/meanapp/server/node_modules/method-override/package.json
13 verbose installManyTop reading scoped package data from /Users/c1948957/Documents/play/meanapp/server/node_modules/mongoose/package.json
14 verbose installManyTop reading scoped package data from /Users/c1948957/Documents/play/meanapp/server/node_modules/node-restful/package.json
15 verbose readDependencies loading dependencies from /Users/c1948957/Documents/play/meanapp/server/package.json
16 silly cache add args [ 'loadash', null ]
17 verbose cache add spec loadash
18 silly cache add parsed spec { raw: 'loadash',
18 silly cache add   scope: null,
18 silly cache add   name: 'loadash',
18 silly cache add   rawSpec: '',
18 silly cache add   spec: '*',
18 silly cache add   type: 'range' }
19 silly addNamed loadash@*
20 verbose addNamed "*" is a valid semver range for loadash
21 silly addNameRange { name: 'loadash', range: '*', hasData: false }
22 silly mapToRegistry name loadash
23 silly mapToRegistry using default registry
24 silly mapToRegistry registry https://registry.npmjs.org/
25 silly mapToRegistry uri https://registry.npmjs.org/loadash
26 verbose addNameRange registry:https://registry.npmjs.org/loadash not in flight; fetching
27 verbose request uri https://registry.npmjs.org/loadash
28 verbose request no auth needed
29 info attempt registry request try #1 at 11:49:25
30 verbose request id e0ebf18c433ff0cd
31 http request GET https://registry.npmjs.org/loadash
32 http 404 https://registry.npmjs.org/loadash
33 verbose headers { 'content-type': 'application/json',
33 verbose headers   'cache-control': 'max-age=0',
33 verbose headers   'content-length': '2',
33 verbose headers   'accept-ranges': 'bytes',
33 verbose headers   date: 'Fri, 28 Aug 2015 10:49:23 GMT',
33 verbose headers   via: '1.1 varnish',
33 verbose headers   age: '0',
33 verbose headers   connection: 'keep-alive',
33 verbose headers   'x-served-by': 'cache-lcy1127-LCY',
33 verbose headers   'x-cache': 'MISS',
33 verbose headers   'x-cache-hits': '0',
33 verbose headers   'x-timer': 'S1440758962.711268,VS0,VE677' }
34 silly get cb [ 404,
34 silly get   { 'content-type': 'application/json',
34 silly get     'cache-control': 'max-age=0',
34 silly get     'content-length': '2',
34 silly get     'accept-ranges': 'bytes',
34 silly get     date: 'Fri, 28 Aug 2015 10:49:23 GMT',
34 silly get     via: '1.1 varnish',
34 silly get     age: '0',
34 silly get     connection: 'keep-alive',
34 silly get     'x-served-by': 'cache-lcy1127-LCY',
34 silly get     'x-cache': 'MISS',
34 silly get     'x-cache-hits': '0',
34 silly get     'x-timer': 'S1440758962.711268,VS0,VE677' } ]
35 verbose stack Error: Registry returned 404 for GET on https://registry.npmjs.org/loadash
35 verbose stack     at CachingRegistryClient.<anonymous> (/usr/local/lib/node_modules/npm/node_modules/npm-registry-client/lib/request.js:239:14)
35 verbose stack     at Request._callback (/usr/local/lib/node_modules/npm/node_modules/npm-registry-client/lib/request.js:170:14)
35 verbose stack     at Request.self.callback (/usr/local/lib/node_modules/npm/node_modules/request/request.js:368:22)
35 verbose stack     at Request.emit (events.js:110:17)
35 verbose stack     at Request.<anonymous> (/usr/local/lib/node_modules/npm/node_modules/request/request.js:1219:14)
35 verbose stack     at Request.emit (events.js:129:20)
35 verbose stack     at IncomingMessage.<anonymous> (/usr/local/lib/node_modules/npm/node_modules/request/request.js:1167:12)
35 verbose stack     at IncomingMessage.emit (events.js:129:20)
35 verbose stack     at _stream_readable.js:908:16
35 verbose stack     at process._tickCallback (node.js:355:11)
36 verbose statusCode 404
37 verbose pkgid loadash
38 verbose cwd /Users/c1948957/Documents/play/meanapp/server
39 error Darwin 14.0.0
40 error argv "node" "/usr/local/bin/npm" "install" "--save" "loadash"
41 error node v0.12.2
42 error npm  v2.9.0
43 error code E404
44 error 404 Registry returned 404 for GET on https://registry.npmjs.org/loadash
44 error 404
44 error 404 'loadash' is not in the npm registry.
44 error 404 You should bug the author to publish it (or use the name yourself!)
44 error 404 It was specified as a dependency of 'meanapp'
44 error 404
44 error 404 Note that you can also install from a
44 error 404 tarball, folder, http url, or git url.
45 verbose exit [ 1, true ]
